[00:00:02] [Render thread/WARN]: Received passengers for unknown entity
[00:00:03] [Render thread/INFO]: [CHAT] O modo de jogo foi definido para Espectador
[00:00:08] [Render thread/INFO]: [CHAT] O modo de jogo foi definido para Sobrevivência
[00:01:03] [Render thread/INFO]: [CHAT] O modo de jogo foi definido para Espectador
[00:01:17] [Render thread/INFO]: [CHAT] O modo de jogo foi definido para Sobrevivência
[00:01:33] [Render thread/INFO]: [CHAT] Você não tem cama ou âncora de renascimento carregada, ou estão obstruídas
[00:01:33] [Render thread/INFO]: Mapping halted in C:\Users\felip\AppData\Roaming\.minecraft\journeymap\data\mp\Minecraft~Server\minecraft:the_end
[00:01:33] [Render thread/INFO]: Reloading pipeline on dimension change: END => OVERWORLD
[00:01:33] [Render thread/INFO]: Destroying pipeline END
[00:01:33] [Render thread/INFO]: Creating pipeline for dimension OVERWORLD
[00:01:33] [Render thread/INFO]: Stopping worker threads
[00:01:33] [Render thread/INFO]: Started 6 worker threads
[00:01:33] [Render thread/INFO]: Stopping worker threads
[00:01:33] [Render thread/INFO]: Started 6 worker threads
[00:01:33] [Render thread/INFO]: Stopping worker threads
[00:01:33] [Render thread/INFO]: Started 6 worker threads
[00:01:34] [Render thread/WARN]: Received passengers for unknown entity
[00:01:34] [Render thread/WARN]: Received passengers for unknown entity
[00:01:35] [Render thread/WARN]: core (Initialized) Bad configField entry during updateFrom(): optionsManagerViewed=null
[00:01:35] [Render thread/WARN]: core (Initialized) Bad configField entry during updateFrom(): splashViewed=null
[00:01:35] [Render thread/INFO]: Loaded 0 waypoints from C:\Users\felip\AppData\Roaming\.minecraft\journeymap\data\mp\Minecraft~Server\waypoints
[00:01:35] [Render thread/INFO]: Mapping started in C:\Users\felip\AppData\Roaming\.minecraft\journeymap\data\mp\Minecraft~Server\overworld. Memory: 2048MB total, 1133MB free 
[00:02:42] [Render thread/WARN]: Received passengers for unknown entity
[00:02:42] [Render thread/WARN]: Received passengers for unknown entity
[00:03:46] [Render thread/INFO]: [CHAT] O ponto de renascimento foi definido
[00:04:08] [Render thread/INFO]: [CHAT] O modo de jogo foi definido para Espectador
[00:04:16] [Render thread/INFO]: [CHAT] O modo de jogo foi definido para Sobrevivência
[00:06:27] [Render thread/INFO]: TileDrawStep.updateRegionTexture hit max count, 1000000
[00:06:27] [Render thread/INFO]: TileDrawStep.draw(low) hit max count, 1000000
[00:06:32] [Render thread/INFO]: [CHAT] O modo de jogo foi definido para Espectador
[00:07:29] [Render thread/INFO]: [CHAT] O modo de jogo foi definido para Sobrevivência
[00:07:48] [Render thread/WARN]: Received passengers for unknown entity
[00:07:48] [Render thread/WARN]: Received passengers for unknown entity
[00:07:48] [Render thread/WARN]: Received passengers for unknown entity
[00:07:48] [Render thread/WARN]: Received passengers for unknown entity
[00:08:25] [Render thread/WARN]: Received passengers for unknown entity
[00:09:15] [Render thread/INFO]: Mapping halted in C:\Users\felip\AppData\Roaming\.minecraft\journeymap\data\mp\Minecraft~Server\minecraft:overworld
[00:09:15] [Render thread/INFO]: Reloading pipeline on dimension change: OVERWORLD => NETHER
[00:09:15] [Render thread/INFO]: Destroying pipeline OVERWORLD
[00:09:15] [Render thread/INFO]: Creating pipeline for dimension NETHER
[00:09:15] [Render thread/INFO]: Stopping worker threads
[00:09:15] [Render thread/INFO]: Started 6 worker threads
[00:09:15] [Render thread/INFO]: Stopping worker threads
[00:09:15] [Render thread/INFO]: Started 6 worker threads
[00:09:15] [Render thread/INFO]: Stopping worker threads
[00:09:15] [Render thread/INFO]: Started 6 worker threads
[00:09:16] [Render thread/WARN]: core (Initialized) Bad configField entry during updateFrom(): optionsManagerViewed=null
[00:09:16] [Render thread/WARN]: core (Initialized) Bad configField entry during updateFrom(): splashViewed=null
[00:09:16] [Render thread/INFO]: Loaded 0 waypoints from C:\Users\felip\AppData\Roaming\.minecraft\journeymap\data\mp\Minecraft~Server\waypoints
[00:09:16] [Render thread/INFO]: Mapping started in C:\Users\felip\AppData\Roaming\.minecraft\journeymap\data\mp\Minecraft~Server\the_nether. Memory: 2048MB total, 587MB free 
[00:09:23] [Render thread/WARN]: Received passengers for unknown entity
[00:09:23] [Render thread/WARN]: Received passengers for unknown entity
[00:09:23] [Render thread/WARN]: Received passengers for unknown entity
[00:09:39] [Render thread/INFO]: Mapping halted in C:\Users\felip\AppData\Roaming\.minecraft\journeymap\data\mp\Minecraft~Server\minecraft:the_nether
[00:09:39] [Render thread/INFO]: Reloading pipeline on dimension change: NETHER => OVERWORLD
[00:09:39] [Render thread/INFO]: Destroying pipeline NETHER
[00:09:39] [Render thread/INFO]: Creating pipeline for dimension OVERWORLD
[00:09:39] [Render thread/INFO]: Stopping worker threads
[00:09:39] [Render thread/INFO]: Started 6 worker threads
[00:09:40] [Render thread/INFO]: Stopping worker threads
[00:09:40] [Render thread/INFO]: Started 6 worker threads
[00:09:40] [Render thread/INFO]: Stopping worker threads
[00:09:40] [Render thread/INFO]: Started 6 worker threads
[00:09:40] [Render thread/WARN]: Received passengers for unknown entity
[00:09:40] [Render thread/WARN]: Received passengers for unknown entity
[00:09:42] [Render thread/WARN]: core (Initialized) Bad configField entry during updateFrom(): optionsManagerViewed=null
[00:09:42] [Render thread/WARN]: core (Initialized) Bad configField entry during updateFrom(): splashViewed=null
[00:09:42] [Render thread/INFO]: Loaded 0 waypoints from C:\Users\felip\AppData\Roaming\.minecraft\journeymap\data\mp\Minecraft~Server\waypoints
[00:09:42] [Render thread/INFO]: Mapping started in C:\Users\felip\AppData\Roaming\.minecraft\journeymap\data\mp\Minecraft~Server\overworld. Memory: 2048MB total, 613MB free 
[00:09:52] [Render thread/INFO]: Flushed changes to Minecraft configuration
[00:10:28] [Render thread/INFO]: Mapping halted in C:\Users\felip\AppData\Roaming\.minecraft\journeymap\data\mp\Minecraft~Server\minecraft:overworld
[00:10:28] [Render thread/INFO]: Reloading pipeline on dimension change: OVERWORLD => NETHER
[00:10:28] [Render thread/INFO]: Destroying pipeline OVERWORLD
[00:10:28] [Render thread/INFO]: Creating pipeline for dimension NETHER
[00:10:28] [Render thread/INFO]: Stopping worker threads
[00:10:28] [Render thread/INFO]: Started 6 worker threads
[00:10:28] [Render thread/INFO]: Stopping worker threads
[00:10:28] [Render thread/INFO]: Started 6 worker threads
[00:10:28] [Render thread/INFO]: Stopping worker threads
[00:10:28] [Render thread/INFO]: Started 6 worker threads
[00:10:29] [Render thread/WARN]: core (Initialized) Bad configField entry during updateFrom(): optionsManagerViewed=null
[00:10:29] [Render thread/WARN]: core (Initialized) Bad configField entry during updateFrom(): splashViewed=null
[00:10:29] [Render thread/INFO]: Loaded 0 waypoints from C:\Users\felip\AppData\Roaming\.minecraft\journeymap\data\mp\Minecraft~Server\waypoints
[00:10:30] [Render thread/INFO]: Mapping started in C:\Users\felip\AppData\Roaming\.minecraft\journeymap\data\mp\Minecraft~Server\the_nether. Memory: 2048MB total, 799MB free 
[00:11:06] [Render thread/WARN]: Received passengers for unknown entity
[00:11:06] [Render thread/WARN]: Received passengers for unknown entity
[00:11:09] [Render thread/WARN]: Received passengers for unknown entity
[00:11:09] [Render thread/WARN]: Received passengers for unknown entity
[00:11:16] [Render thread/WARN]: Received passengers for unknown entity
[00:11:17] [Render thread/WARN]: Received passengers for unknown entity
[00:11:27] [Render thread/INFO]: Mapping halted in C:\Users\felip\AppData\Roaming\.minecraft\journeymap\data\mp\Minecraft~Server\minecraft:the_nether
[00:11:27] [Render thread/INFO]: Reloading pipeline on dimension change: NETHER => OVERWORLD
[00:11:27] [Render thread/INFO]: Destroying pipeline NETHER
[00:11:27] [Render thread/INFO]: Creating pipeline for dimension OVERWORLD
[00:11:27] [Render thread/INFO]: Stopping worker threads
[00:11:27] [Render thread/INFO]: Started 6 worker threads
[00:11:27] [Render thread/INFO]: Stopping worker threads
[00:11:27] [Render thread/INFO]: Started 6 worker threads
[00:11:27] [Render thread/INFO]: Stopping worker threads
[00:11:27] [Render thread/INFO]: Started 6 worker threads
[00:11:28] [Render thread/WARN]: Received passengers for unknown entity
[00:11:28] [Render thread/WARN]: Received passengers for unknown entity
[00:11:29] [Render thread/WARN]: core (Initialized) Bad configField entry during updateFrom(): optionsManagerViewed=null
[00:11:29] [Render thread/WARN]: core (Initialized) Bad configField entry during updateFrom(): splashViewed=null
[00:11:29] [Render thread/INFO]: Loaded 0 waypoints from C:\Users\felip\AppData\Roaming\.minecraft\journeymap\data\mp\Minecraft~Server\waypoints
[00:11:29] [Render thread/INFO]: Mapping started in C:\Users\felip\AppData\Roaming\.minecraft\journeymap\data\mp\Minecraft~Server\overworld. Memory: 2048MB total, 574MB free 
[00:12:57] [Render thread/WARN]: Received passengers for unknown entity
[00:12:57] [Render thread/WARN]: Received passengers for unknown entity
[00:13:50] [Render thread/INFO]: Mapping halted in C:\Users\felip\AppData\Roaming\.minecraft\journeymap\data\mp\Minecraft~Server\minecraft:overworld
[00:13:50] [Render thread/INFO]: Stopping worker threads
[00:13:51] [Render thread/INFO]: Stopping!
