[23:47:58] [Render thread/INFO] [JMLogger] JourneyMap log initialized.
[23:47:58] [Render thread/INFO] [JourneymapClient] initialize ENTER
[23:47:58] [Render thread/INFO] [ClientAPI] [ClientAPI] built with JourneyMap API 1.8-SNAPSHOT
[23:47:58] [Render thread/INFO] [PluginHelper] Initializing plugins with Client API: journeymap.client.api.impl.ClientAPI
[23:47:58] [Render thread/WARN] [PropertiesBase] core (Initialized) Bad configField entry during updateFrom(): optionsManagerViewed=null
[23:47:58] [Render thread/WARN] [PropertiesBase] core (Initialized) Bad configField entry during updateFrom(): splashViewed=null
[23:47:58] [Render thread/INFO] [?] Version: JourneyMap 1.19-5.8.5beta1, built with fabric 0.55.2+1.19
fabric: 0.14.6
Environment: os.name, os.arch, java.version, user.country, user.language=null, game language=pt_br, locale=en_us
Features: 
	RadarPlayers : singleplayer = true , multiplayer = true
	RadarAnimals : singleplayer = true , multiplayer = true
	RadarMobs : singleplayer = true , multiplayer = true
	RadarVillagers : singleplayer = true , multiplayer = true
	MapTopo : singleplayer = true , multiplayer = true
	MapSurface : singleplayer = true , multiplayer = true
	MapCaves : singleplayer = true , multiplayer = true
	MapBiome : singleplayer = true , multiplayer = true
MiniMapProperties{state=Valid, file=journeymap.minimap.config, configVersion=5.8.5beta1, zoomLevel=0, compassFontScale=1.0, terrainAlpha=100, showEntityNames=true, positionX=0.9, positionY=0.25, effectVertical=false, showPlayerHeading=true, sizePercent=30, playerDisplayScale=1.0, showDayNight=true, showPets=true, preferredMapType=day, showCompass=true, mobDisplay=jm.common.entity_display.dots, systemTimeRealFormat=HH:mm:ss, shape=jm.minimap.shape_circle, showSelf=true, selfDisplayScale=1.0, showGrid=true, reticleOrientation=jm.minimap.orientation.compass, gameTimeRealFormat=HH:mm:ss, effectTranslateX=-111, showWaypoints=true, minimapKeyMovementSpeed=0.001, showAnimals=true, infoSlotAlpha=0.7, effectTranslateY=0, showWaypointLabels=true, moveEffectIcons=true, position=jm.minimap.position_topright, fontScale=1.0, showPlayers=true, waypointIconScale=1.0, frameAlpha=100, effectReversed=false, backgroundAlpha=0.8, enabled=true, showVillagers=true, info2Label=jm.theme.labelsource.gametime, info3Label=jm.theme.labelsource.location, showMobs=true, waypointLabelScale=1.0, showReticle=true, orientation=jm.minimap.orientation.north, info4Label=jm.theme.labelsource.biome, locationFormat=xzyv, playerDisplay=jm.common.entity_display.dots, mobDisplayScale=1.0, showCaves=true, showMobHeading=true, locationFormatVerbose=true, info1Label=jm.theme.labelsource.blank}
MiniMapProperties{state=Valid, file=journeymap.minimap2.config, configVersion=5.8.5beta1, zoomLevel=0, compassFontScale=1.0, terrainAlpha=100, showEntityNames=true, positionX=0.9, positionY=0.25, effectVertical=false, showPlayerHeading=true, sizePercent=30, playerDisplayScale=1.0, showDayNight=true, showPets=true, preferredMapType=day, showCompass=true, mobDisplay=jm.common.entity_display.dots, systemTimeRealFormat=HH:mm:ss, shape=jm.minimap.shape_rectangle, showSelf=true, selfDisplayScale=1.0, showGrid=true, reticleOrientation=jm.minimap.orientation.compass, gameTimeRealFormat=HH:mm:ss, effectTranslateX=0, showWaypoints=true, minimapKeyMovementSpeed=0.001, showAnimals=true, infoSlotAlpha=0.7, effectTranslateY=0, showWaypointLabels=true, moveEffectIcons=true, position=jm.minimap.position_topright, fontScale=1.0, showPlayers=true, waypointIconScale=1.0, frameAlpha=100, effectReversed=false, backgroundAlpha=0.8, enabled=true, showVillagers=true, info2Label=jm.theme.labelsource.gametime, info3Label=jm.theme.labelsource.location, showMobs=true, waypointLabelScale=1.0, showReticle=true, orientation=jm.minimap.orientation.north, info4Label=jm.theme.labelsource.biome, locationFormat=xzyv, playerDisplay=jm.common.entity_display.dots, mobDisplayScale=1.0, showCaves=true, showMobHeading=true, locationFormatVerbose=true, info1Label=jm.theme.labelsource.blank}
FullMapProperties{state=Valid, file=journeymap.fullmap.config, configVersion=5.8.5beta1, zoomLevel=0, showPlayers=true, waypointIconScale=1.0, showEntityNames=true, showPlayerHeading=true, showVillagers=true, showPlayerLoc=true, showKeys=true, playerDisplayScale=1.0, showMobs=true, showPets=true, waypointLabelScale=1.0, preferredMapType=day, mobDisplay=jm.common.entity_display.dots, showSelf=true, locationFormat=xzyv, playerDisplay=jm.common.entity_display.dots, mobDisplayScale=1.0, selfDisplayScale=1.0, showGrid=true, showMouseLoc=true, showWaypoints=true, showCaves=true, showAnimals=true, dragScale=1, showMobHeading=true, showWaypointLabels=true, locationFormatVerbose=true, fontScale=1.0}
WaypointProperties{state=Valid, file=journeymap.waypoint.config, configVersion=5.8.5beta1, autoRemoveDeathpointDistance=2, dateFormat=MM-dd-yyyy, autoRemoveDeathpoints=false, fullscreenDoubleClickToCreate=true, managerDimensionFocus=false, minDistance=4, boldLabel=false, textureSmall=true, showDeathpointlabel=true, beaconEnabled=true, createDeathpoints=true, showName=true, disableStrikeThrough=false, maxDistance=0, autoHideLabel=true, autoRemoveTempWaypoints=2, teleportCommand=/tp {name} {x} {y} {z}, showStaticBeam=true, shaderBeacon=false, timeFormat=HH:mm:ss, showDeviationLabel=false, showDistance=true, showRotatingBeam=true, fontScale=2.0, showTexture=true, managerEnabled=true}
WebMapProperties{state=Valid, file=journeymap.webmap.config, configVersion=5.8.5beta1, port=8080, enabled=false}
CoreProperties{state=Valid, file=journeymap.core.config, configVersion=5.8.5beta1, verboseColorPalette=false, maxPlayersData=32, mapSurfaceAboveCaves=true, dataCachingEnabled=true, optionsManagerViewed=null, announceMod=true, colorPassive=#bbbbbb, mapBlendWater=false, renderDistanceSurfaceMax=0, seedId=false, radarVerticalDistance=16, mapBlendGrass=true, recordCacheStats=false, hideSneakingEntities=true, revealShape=jm.minimap.shape_circle, mapBiome=true, alwaysMapSurface=false, colorVillager=#88e188, mapPlants=false, colorPet=#0077ff, radarLateralDistance=64, mapBathymetry=false, mapCrops=true, maxMobsData=32, mapPlantShadows=false, alwaysMapCaves=false, checkUpdates=true, mapBlendFoliage=true, hideSpectators=false, mappingEnabled=true, colorPlayer=#ffffff, tileHighDisplayQuality=true, cacheVillagersData=2200, logLevel=INFO, maxVillagersData=32, mapWaterBiomeColors=false, maxAnimalsData=32, mapTransparency=true, tileRenderType=1, caveIgnoreGlass=true, mapTopography=true, renderDistanceCaveMax=0, mapAntialiasing=true, colorSelf=#0000ff, cachePlayersData=2000, cacheMobsData=3000, cachePlayerData=1000, splashViewed=null, colorHostile=#ff0000, cacheAnimalsData=3100, themeName=OceanMonument, mapCaveLighting=true, renderDelay=2, glErrorChecking=false, autoMapPoll=2000}
[23:47:58] [Render thread/INFO] [JourneymapClient] initialize EXIT, elapsed count 1 avg 513,21ms
[23:47:58] [Render thread/INFO] [ThemeLoader] Preloaded theme textures: 73
[23:47:58] [Render thread/INFO] [JourneymapClient] postInitialize EXIT, elapsed count 1 avg 398,71ms
[23:48:00] [JM-VersionCheck-1/INFO] [VersionCheck] Newer version online: JourneyMap 5.8.5 for Minecraft 1.19 on https://www.curseforge.com/minecraft/mc-mods/journeymap/files/3902437
[23:48:01] [Render thread/INFO] [ColorManager] Loaded color palette for 862 blockstates in 336ms
[23:48:01] [Render thread/INFO] [ColorManager] Loaded color palette for 862 blockstates in 27ms
[23:48:01] [Render thread/INFO] [ColorManager] Loaded color palette for 862 blockstates in 25ms
[23:48:01] [Render thread/INFO] [ColorManager] Loaded color palette for 862 blockstates in 22ms
[23:48:01] [Render thread/INFO] [ColorManager] Loaded color palette for 862 blockstates in 22ms
[23:48:01] [Render thread/INFO] [ColorManager] Loaded color palette for 862 blockstates in 22ms
[23:48:01] [Render thread/INFO] [ColorManager] Loaded color palette for 862 blockstates in 22ms
[23:48:01] [Render thread/INFO] [ColorManager] Loaded color palette for 862 blockstates in 20ms
[23:48:01] [Render thread/INFO] [ColorManager] Loaded color palette for 862 blockstates in 28ms
[23:48:01] [Render thread/INFO] [ColorManager] Loaded color palette for 862 blockstates in 19ms
[23:48:34] [Render thread/INFO] [ChatLog] JourneyMap: Pressione [J]
[23:48:34] [Render thread/WARN] [PropertiesBase] core (Initialized) Bad configField entry during updateFrom(): optionsManagerViewed=null
[23:48:34] [Render thread/WARN] [PropertiesBase] core (Initialized) Bad configField entry during updateFrom(): splashViewed=null
[23:48:34] [Render thread/INFO] [WaypointStore] Loaded 0 waypoints from C:\Users\felip\AppData\Roaming\.minecraft\journeymap\data\mp\Minecraft~Server\waypoints
[23:48:34] [Render thread/INFO] [JourneymapClient] Mapping started in C:\Users\felip\AppData\Roaming\.minecraft\journeymap\data\mp\Minecraft~Server\overworld. Memory: 800MB total, 199MB free 
[23:56:31] [Render thread/INFO] [StatTimer] TileDrawStep.updateRegionTexture hit max count, 1000000
[23:56:31] [Render thread/INFO] [StatTimer] TileDrawStep.draw(low) hit max count, 1000000
[23:58:17] [Render thread/INFO] [JourneymapClient] Mapping halted in C:\Users\felip\AppData\Roaming\.minecraft\journeymap\data\mp\Minecraft~Server\minecraft:overworld
[23:58:19] [Render thread/WARN] [PropertiesBase] core (Initialized) Bad configField entry during updateFrom(): optionsManagerViewed=null
[23:58:19] [Render thread/WARN] [PropertiesBase] core (Initialized) Bad configField entry during updateFrom(): splashViewed=null
[23:58:19] [Render thread/INFO] [WaypointStore] Loaded 0 waypoints from C:\Users\felip\AppData\Roaming\.minecraft\journeymap\data\mp\Minecraft~Server\waypoints
[23:58:19] [Render thread/INFO] [JourneymapClient] Mapping started in C:\Users\felip\AppData\Roaming\.minecraft\journeymap\data\mp\Minecraft~Server\the_nether. Memory: 2048MB total, 999MB free 
[23:59:37] [Render thread/INFO] [JourneymapClient] Mapping halted in C:\Users\felip\AppData\Roaming\.minecraft\journeymap\data\mp\Minecraft~Server\minecraft:the_nether
[23:59:40] [Render thread/WARN] [PropertiesBase] core (Initialized) Bad configField entry during updateFrom(): optionsManagerViewed=null
[23:59:40] [Render thread/WARN] [PropertiesBase] core (Initialized) Bad configField entry during updateFrom(): splashViewed=null
[23:59:40] [Render thread/INFO] [WaypointStore] Loaded 0 waypoints from C:\Users\felip\AppData\Roaming\.minecraft\journeymap\data\mp\Minecraft~Server\waypoints
[23:59:40] [Render thread/INFO] [JourneymapClient] Mapping started in C:\Users\felip\AppData\Roaming\.minecraft\journeymap\data\mp\Minecraft~Server\overworld. Memory: 2048MB total, 1193MB free 
[23:59:44] [Render thread/INFO] [JourneymapClient] Mapping halted in C:\Users\felip\AppData\Roaming\.minecraft\journeymap\data\mp\Minecraft~Server\minecraft:overworld
[23:59:44] [JM-task-6/WARN] [TaskBatch] TaskBatch thread interrupted: journeymap.client.task.multi.MapPlayerTask$MapPlayerTaskBatch@3b3cfb7a
[23:59:45] [Render thread/WARN] [PropertiesBase] core (Initialized) Bad configField entry during updateFrom(): optionsManagerViewed=null
[23:59:45] [Render thread/WARN] [PropertiesBase] core (Initialized) Bad configField entry during updateFrom(): splashViewed=null
[23:59:45] [Render thread/INFO] [WaypointStore] Loaded 0 waypoints from C:\Users\felip\AppData\Roaming\.minecraft\journeymap\data\mp\Minecraft~Server\waypoints
[23:59:45] [Render thread/INFO] [JourneymapClient] Mapping started in C:\Users\felip\AppData\Roaming\.minecraft\journeymap\data\mp\Minecraft~Server\the_end. Memory: 2048MB total, 924MB free 
[00:01:33] [Render thread/INFO] [JourneymapClient] Mapping halted in C:\Users\felip\AppData\Roaming\.minecraft\journeymap\data\mp\Minecraft~Server\minecraft:the_end
[00:01:35] [Render thread/WARN] [PropertiesBase] core (Initialized) Bad configField entry during updateFrom(): optionsManagerViewed=null
[00:01:35] [Render thread/WARN] [PropertiesBase] core (Initialized) Bad configField entry during updateFrom(): splashViewed=null
[00:01:35] [Render thread/INFO] [WaypointStore] Loaded 0 waypoints from C:\Users\felip\AppData\Roaming\.minecraft\journeymap\data\mp\Minecraft~Server\waypoints
[00:01:35] [Render thread/INFO] [JourneymapClient] Mapping started in C:\Users\felip\AppData\Roaming\.minecraft\journeymap\data\mp\Minecraft~Server\overworld. Memory: 2048MB total, 1133MB free 
[00:06:27] [Render thread/INFO] [StatTimer] TileDrawStep.updateRegionTexture hit max count, 1000000
[00:06:27] [Render thread/INFO] [StatTimer] TileDrawStep.draw(low) hit max count, 1000000
[00:09:15] [Render thread/INFO] [JourneymapClient] Mapping halted in C:\Users\felip\AppData\Roaming\.minecraft\journeymap\data\mp\Minecraft~Server\minecraft:overworld
[00:09:16] [Render thread/WARN] [PropertiesBase] core (Initialized) Bad configField entry during updateFrom(): optionsManagerViewed=null
[00:09:16] [Render thread/WARN] [PropertiesBase] core (Initialized) Bad configField entry during updateFrom(): splashViewed=null
[00:09:16] [Render thread/INFO] [WaypointStore] Loaded 0 waypoints from C:\Users\felip\AppData\Roaming\.minecraft\journeymap\data\mp\Minecraft~Server\waypoints
[00:09:16] [Render thread/INFO] [JourneymapClient] Mapping started in C:\Users\felip\AppData\Roaming\.minecraft\journeymap\data\mp\Minecraft~Server\the_nether. Memory: 2048MB total, 587MB free 
[00:09:39] [Render thread/INFO] [JourneymapClient] Mapping halted in C:\Users\felip\AppData\Roaming\.minecraft\journeymap\data\mp\Minecraft~Server\minecraft:the_nether
[00:09:42] [Render thread/WARN] [PropertiesBase] core (Initialized) Bad configField entry during updateFrom(): optionsManagerViewed=null
[00:09:42] [Render thread/WARN] [PropertiesBase] core (Initialized) Bad configField entry during updateFrom(): splashViewed=null
[00:09:42] [Render thread/INFO] [WaypointStore] Loaded 0 waypoints from C:\Users\felip\AppData\Roaming\.minecraft\journeymap\data\mp\Minecraft~Server\waypoints
[00:09:42] [Render thread/INFO] [JourneymapClient] Mapping started in C:\Users\felip\AppData\Roaming\.minecraft\journeymap\data\mp\Minecraft~Server\overworld. Memory: 2048MB total, 613MB free 
[00:10:28] [Render thread/INFO] [JourneymapClient] Mapping halted in C:\Users\felip\AppData\Roaming\.minecraft\journeymap\data\mp\Minecraft~Server\minecraft:overworld
[00:10:29] [Render thread/WARN] [PropertiesBase] core (Initialized) Bad configField entry during updateFrom(): optionsManagerViewed=null
[00:10:29] [Render thread/WARN] [PropertiesBase] core (Initialized) Bad configField entry during updateFrom(): splashViewed=null
[00:10:29] [Render thread/INFO] [WaypointStore] Loaded 0 waypoints from C:\Users\felip\AppData\Roaming\.minecraft\journeymap\data\mp\Minecraft~Server\waypoints
[00:10:30] [Render thread/INFO] [JourneymapClient] Mapping started in C:\Users\felip\AppData\Roaming\.minecraft\journeymap\data\mp\Minecraft~Server\the_nether. Memory: 2048MB total, 799MB free 
[00:11:27] [Render thread/INFO] [JourneymapClient] Mapping halted in C:\Users\felip\AppData\Roaming\.minecraft\journeymap\data\mp\Minecraft~Server\minecraft:the_nether
[00:11:29] [Render thread/WARN] [PropertiesBase] core (Initialized) Bad configField entry during updateFrom(): optionsManagerViewed=null
[00:11:29] [Render thread/WARN] [PropertiesBase] core (Initialized) Bad configField entry during updateFrom(): splashViewed=null
[00:11:29] [Render thread/INFO] [WaypointStore] Loaded 0 waypoints from C:\Users\felip\AppData\Roaming\.minecraft\journeymap\data\mp\Minecraft~Server\waypoints
[00:11:29] [Render thread/INFO] [JourneymapClient] Mapping started in C:\Users\felip\AppData\Roaming\.minecraft\journeymap\data\mp\Minecraft~Server\overworld. Memory: 2048MB total, 574MB free 
[00:13:50] [Render thread/INFO] [JourneymapClient] Mapping halted in C:\Users\felip\AppData\Roaming\.minecraft\journeymap\data\mp\Minecraft~Server\minecraft:overworld
